<?xml version="1.0" encoding="UTF-8"?>
<!-- Generated by org.testng.reporters.JUnitXMLReporter -->
<testsuite ignored="0" hostname="LAPTOP-338REFB0" failures="0" tests="3" name="Default test" time="11.569" errors="0" timestamp="2023-07-26T11:20:54 IST">
  <testcase classname="TestCases.LoginTestCase" name="verifyLogin" time="0.504"/>
  <testcase classname="TestCases.LoginTestCase" name="verifyLogin" time="0.66"/>
  <testcase classname="TestCases.LoginTestCase" name="verifyLogin" time="0.512"/>
</testsuite> <!-- Default test -->
