<?xml version="1.0" encoding="UTF-8"?>
<!-- Generated by org.testng.reporters.JUnitXMLReporter -->
<testsuite ignored="0" hostname="LAPTOP-338REFB0" failures="0" tests="4" name="Test" time="23.905" errors="0" timestamp="2023-07-26T16:34:35 IST">
  <testcase classname="TestCases.LoginTestCase" name="verifyLogin" time="0.773"/>
  <testcase classname="TestCases.LoginTestCase" name="verifyLogin" time="1.297"/>
  <testcase classname="TestCases.LoginTestCase" name="verifyLogin" time="0.664"/>
  <testcase classname="TestCases.signupTestCases" name="verifySignup" time="8.635"/>
</testsuite> <!-- Test -->
